Using pre-set license
Built from '2020.3/staging' branch; Version is '2020.3.4f1 (0abb6314276a) revision 703331'; Using compiler version '192528614'; Build Type 'Release'
OS: 'Windows 7  (6.1.0) 64bit' Language: 'ru' Physical Memory: 7657 MB
BatchMode: 1, IsHumanControllingUs: 0, StartBugReporterOnCrash: 0, Is64bit: 1, IsPro: 0

 COMMAND LINE ARGUMENTS:
D:\MAKC\Unity\2020.3.4f1\Editor\Unity.exe
-adb2
-batchMode
-noUpm
-name
AssetImportWorker3
-projectPath
D:/MAKC/UnityProjetcs/SpeedZee
-logFile
Logs/AssetImportWorker3.log
-srvPort
51173
Successfully changed project path to: D:/MAKC/UnityProjetcs/SpeedZee
D:/MAKC/UnityProjetcs/SpeedZee
Using Asset Import Pipeline V2.
Refreshing native plugins compatible for Editor in 280.86 ms, found 4 plugins.
Preloading 0 native plugins for Editor in 0.00 ms.
Initialize engine version: 2020.3.4f1 (0abb6314276a)
[Subsystems] Discovering subsystems at path D:/MAKC/Unity/2020.3.4f1/Editor/Data/Resources/UnitySubsystems
[Subsystems] Discovering subsystems at path D:/MAKC/UnityProjetcs/SpeedZee/Assets
GfxDevice: creating device client; threaded=0
d3d11: CreateDXGIFactory2(...) not found, fallbacking to CreateDXGIFactory1(...).
d3d11: QueryInterface(IDXGIFactory5) failed (80004002).
Direct3D:
    Version:  Direct3D 11.0 [level 11.0]
    Renderer: AMD Radeon HD 7660G (ID=0x9900)
    Vendor:   
    VRAM:     2284 MB
    Driver:   15.201.1701.0
Initialize mono
Mono path[0] = 'D:/MAKC/Unity/2020.3.4f1/Editor/Data/Managed'
Mono path[1] = 'D:/MAKC/Unity/2020.3.4f1/Editor/Data/MonoBleedingEdge/lib/mono/unityjit'
Mono config path = 'D:/MAKC/Unity/2020.3.4f1/Editor/Data/MonoBleedingEdge/etc'
Using monoOptions --debugger-agent=transport=dt_socket,embedding=1,server=y,suspend=n,address=127.0.0.1:56988
Begin MonoManager ReloadAssembly
Registering precompiled unity dll's ...
Register platform support module: D:/MAKC/Unity/2020.3.4f1/Editor/Data/PlaybackEngines/WebGLSupport/UnityEditor.WebGL.Extensions.dll
Register platform support module: D:/MAKC/Unity/2020.3.4f1/Editor/Data/PlaybackEngines/WindowsStandaloneSupport/UnityEditor.WindowsStandalone.Extensions.dll
Registered in 0.004938 seconds.
Native extension for WindowsStandalone target not found
Native extension for WebGL target not found
Refreshing native plugins compatible for Editor in 212.56 ms, found 4 plugins.
Preloading 0 native plugins for Editor in 0.00 ms.
Mono: successfully reloaded assembly
- Completed reload, in  4.993 seconds
Platform modules already initialized, skipping
Registering precompiled user dll's ...
Registered in 0.029575 seconds.
Begin MonoManager ReloadAssembly
Native extension for WindowsStandalone target not found
Native extension for WebGL target not found
Refreshing native plugins compatible for Editor in 227.13 ms, found 4 plugins.
Preloading 0 native plugins for Editor in 0.00 ms.
Curl error 42: Callback aborted
Curl error 42: Callback aborted
Curl error 42: Callback aborted
DisplayProgressbar: Restoring NuGet Packages
Mono: successfully reloaded assembly
- Completed reload, in  9.313 seconds
Platform modules already initialized, skipping
========================================================================
Worker process is ready to serve import requests
Launched and connected shader compiler UnityShaderCompiler.exe after 0.06 seconds
Refreshing native plugins compatible for Editor in 4.98 ms, found 4 plugins.
Preloading 0 native plugins for Editor in 0.00 ms.
Unloading 3575 Unused Serialized files (Serialized files now loaded: 0)
System memory in use before: 143.6 MB.
System memory in use after: 143.8 MB.

Unloading 161 unused Assets to reduce memory usage. Loaded Objects now: 3896.
Total: 19.235547 ms (FindLiveObjects: 1.015566 ms CreateObjectMapping: 0.553945 ms MarkObjects: 17.389955 ms  DeleteObjects: 0.271620 ms)

========================================================================
Received Import Request.
  path: Assets/Scenes/PlayScene.unity
  artifactKey: Guid(b8517550efad26947b7cbc05d82a9162) Importer(815301076,1909f56bfc062723c751e8b465ee728b)
Start importing Assets/Scenes/PlayScene.unity using Guid(b8517550efad26947b7cbc05d82a9162) Importer(815301076,1909f56bfc062723c751e8b465ee728b)  -> (artifact id: '258804b42d189af4a13418a9eaf1bc73') in 0.056552 seconds
  Import took 0.070020 seconds .

========================================================================
Received Import Request.
  Time since last request: 0.001314 seconds.
  path: Assets/Scenes/InputScene.unity
  artifactKey: Guid(2cda990e2423bbf4892e6590ba056729) Importer(815301076,1909f56bfc062723c751e8b465ee728b)
Start importing Assets/Scenes/InputScene.unity using Guid(2cda990e2423bbf4892e6590ba056729) Importer(815301076,1909f56bfc062723c751e8b465ee728b)  -> (artifact id: '3cef03b4d24960cff354acaf9e76810e') in 0.026597 seconds
  Import took 0.038018 seconds .

========================================================================
Received Import Request.
  Time since last request: 63.834526 seconds.
  path: Assets/Scenes/BattleScene.unity
  artifactKey: Guid(7bc0e1e6f13848542a6178cdbe83e208) Importer(815301076,1909f56bfc062723c751e8b465ee728b)
Start importing Assets/Scenes/BattleScene.unity using Guid(7bc0e1e6f13848542a6178cdbe83e208) Importer(815301076,1909f56bfc062723c751e8b465ee728b)  -> (artifact id: '8ff564bf3a66f295d09cb925dde0499d') in 0.006953 seconds
  Import took 0.020350 seconds .

========================================================================
Received Import Request.
  Time since last request: 0.002871 seconds.
  path: Assets/Scenes/BattleScene.unity
  artifactKey: Guid(7bc0e1e6f13848542a6178cdbe83e208) Importer(815301076,1909f56bfc062723c751e8b465ee728b)
Start importing Assets/Scenes/BattleScene.unity using Guid(7bc0e1e6f13848542a6178cdbe83e208) Importer(815301076,1909f56bfc062723c751e8b465ee728b)  -> (artifact id: '8ff564bf3a66f295d09cb925dde0499d') in 0.038412 seconds
  Import took 0.050625 seconds .

AssetImportWorkerClient::OnTransportError - code=2 error=End of file
